<?xml version="1.0" encoding="UTF-8"?>
<coverage generated="1632977986639" clover="3.2.0">
  <project timestamp="1632977986639" name="All files">
    <metrics statements="94" coveredstatements="93" conditionals="62" coveredconditionals="51" methods="28" coveredmethods="28" elements="184" coveredelements="172" complexity="0" loc="94" ncloc="94" packages="1" files="1" classes="1"/>
    <file name="vue-numeric-input.vue" path="D:\GitHub\VueNumericInputNew\vue-numeric-input\src\vue-numeric-input.vue">
      <metrics statements="94" coveredstatements="93" conditionals="62" coveredconditionals="51" methods="28" coveredmethods="28"/>
      <line num="64" count="1" type="stmt"/>
      <line num="94" count="31" type="stmt"/>
      <line num="100" count="3" type="cond" truecount="2" falsecount="0"/>
      <line num="137" count="31" type="stmt"/>
      <line num="150" count="31" type="cond" truecount="2" falsecount="0"/>
      <line num="151" count="3" type="stmt"/>
      <line num="153" count="31" type="cond" truecount="4" falsecount="0"/>
      <line num="154" count="2" type="stmt"/>
      <line num="155" count="29" type="cond" truecount="4" falsecount="0"/>
      <line num="156" count="2" type="stmt"/>
      <line num="158" count="27" type="stmt"/>
      <line num="161" count="31" type="cond" truecount="2" falsecount="0"/>
      <line num="162" count="3" type="stmt"/>
      <line num="174" count="1" type="stmt"/>
      <line num="175" count="1" type="cond" truecount="1" falsecount="1"/>
      <line num="184" count="3" type="cond" truecount="1" falsecount="1"/>
      <line num="185" count="3" type="stmt"/>
      <line num="195" count="19" type="cond" truecount="1" falsecount="1"/>
      <line num="196" count="19" type="stmt"/>
      <line num="197" count="19" type="stmt"/>
      <line num="198" count="19" type="stmt"/>
      <line num="199" count="19" type="cond" truecount="2" falsecount="0"/>
      <line num="200" count="1" type="stmt"/>
      <line num="202" count="19" type="stmt"/>
      <line num="208" count="8" type="cond" truecount="4" falsecount="0"/>
      <line num="209" count="6" type="cond" truecount="1" falsecount="1"/>
      <line num="210" count="6" type="stmt"/>
      <line num="211" count="6" type="stmt"/>
      <line num="214" count="6" type="cond" truecount="2" falsecount="0"/>
      <line num="215" count="5" type="stmt"/>
      <line num="216" count="5" type="stmt"/>
      <line num="218" count="1" type="stmt"/>
      <line num="226" count="4" type="cond" truecount="3" falsecount="1"/>
      <line num="227" count="4" type="cond" truecount="1" falsecount="1"/>
      <line num="228" count="4" type="stmt"/>
      <line num="229" count="4" type="stmt"/>
      <line num="232" count="4" type="cond" truecount="2" falsecount="0"/>
      <line num="233" count="3" type="stmt"/>
      <line num="234" count="3" type="stmt"/>
      <line num="236" count="1" type="stmt"/>
      <line num="244" count="1" type="stmt"/>
      <line num="245" count="1" type="cond" truecount="1" falsecount="1"/>
      <line num="246" count="1" type="stmt"/>
      <line num="255" count="9" type="stmt"/>
      <line num="256" count="9" type="stmt"/>
      <line num="257" count="9" type="stmt"/>
      <line num="258" count="9" type="stmt"/>
      <line num="259" count="9" type="stmt"/>
      <line num="266" count="9" type="stmt"/>
      <line num="267" count="9" type="cond" truecount="1" falsecount="1"/>
      <line num="268" count="9" type="stmt"/>
      <line num="270" count="9" type="stmt"/>
      <line num="271" count="9" type="stmt"/>
      <line num="272" count="9" type="stmt"/>
      <line num="273" count="9" type="stmt"/>
      <line num="274" count="15" type="cond" truecount="2" falsecount="0"/>
      <line num="282" count="4" type="stmt"/>
      <line num="289" count="5" type="stmt"/>
      <line num="296" count="1" type="stmt"/>
      <line num="302" count="1" type="cond" truecount="1" falsecount="1"/>
      <line num="303" count="1" type="stmt"/>
      <line num="310" count="1" type="stmt"/>
      <line num="313" count="3" type="stmt"/>
      <line num="314" count="3" type="stmt"/>
      <line num="315" count="3" type="cond" truecount="2" falsecount="0"/>
      <line num="316" count="1" type="stmt"/>
      <line num="318" count="2" type="stmt"/>
      <line num="320" count="3" type="stmt"/>
      <line num="323" count="6" type="stmt"/>
      <line num="324" count="6" type="stmt"/>
      <line num="325" count="3" type="stmt"/>
      <line num="326" count="3" type="cond" truecount="1" falsecount="1"/>
      <line num="327" count="0" type="stmt"/>
      <line num="329" count="3" type="stmt"/>
      <line num="330" count="3" type="stmt"/>
      <line num="337" count="39" type="stmt"/>
      <line num="340" count="9" type="stmt"/>
      <line num="341" count="9" type="stmt"/>
      <line num="345" count="10" type="stmt"/>
      <line num="346" count="10" type="cond" truecount="2" falsecount="0"/>
      <line num="347" count="1" type="stmt"/>
      <line num="349" count="9" type="cond" truecount="1" falsecount="1"/>
      <line num="356" count="31" type="cond" truecount="2" falsecount="0"/>
      <line num="363" count="31" type="stmt"/>
      <line num="366" count="31" type="stmt"/>
      <line num="367" count="31" type="cond" truecount="2" falsecount="0"/>
      <line num="368" count="1" type="stmt"/>
      <line num="369" count="30" type="cond" truecount="2" falsecount="0"/>
      <line num="370" count="1" type="stmt"/>
      <line num="372" count="31" type="cond" truecount="2" falsecount="0"/>
      <line num="376" count="27" type="stmt"/>
      <line num="377" count="27" type="stmt"/>
      <line num="378" count="27" type="stmt"/>
      <line num="379" count="27" type="stmt"/>
    </file>
  </project>
</coverage>
