{"D:\\GitHub\\VueNumericInputNew\\vue-numeric-input\\src\\vue-numeric-input.vue": {"path":"D:\\GitHub\\VueNumericInputNew\\vue-numeric-input\\src\\vue-numeric-input.vue","statementMap":{"0":{"start":{"line":64,"column":0},"end":{"line":64,"column":null}},"1":{"start":{"line":94,"column":0},"end":{"line":94,"column":null}},"2":{"start":{"line":100,"column":0},"end":{"line":100,"column":null}},"3":{"start":{"line":137,"column":0},"end":{"line":137,"column":null}},"4":{"start":{"line":150,"column":0},"end":{"line":152,"column":null}},"5":{"start":{"line":151,"column":0},"end":{"line":151,"column":null}},"6":{"start":{"line":153,"column":0},"end":{"line":159,"column":null}},"7":{"start":{"line":154,"column":0},"end":{"line":154,"column":null}},"8":{"start":{"line":155,"column":0},"end":{"line":159,"column":null}},"9":{"start":{"line":156,"column":0},"end":{"line":156,"column":null}},"10":{"start":{"line":158,"column":0},"end":{"line":158,"column":null}},"11":{"start":{"line":161,"column":0},"end":{"line":163,"column":null}},"12":{"start":{"line":162,"column":0},"end":{"line":162,"column":null}},"13":{"start":{"line":174,"column":0},"end":{"line":174,"column":null}},"14":{"start":{"line":175,"column":0},"end":{"line":175,"column":null}},"15":{"start":{"line":184,"column":0},"end":{"line":184,"column":null}},"16":{"start":{"line":185,"column":0},"end":{"line":185,"column":null}},"17":{"start":{"line":195,"column":0},"end":{"line":195,"column":null}},"18":{"start":{"line":196,"column":0},"end":{"line":196,"column":null}},"19":{"start":{"line":197,"column":0},"end":{"line":197,"column":null}},"20":{"start":{"line":198,"column":0},"end":{"line":198,"column":null}},"21":{"start":{"line":199,"column":0},"end":{"line":201,"column":null}},"22":{"start":{"line":200,"column":0},"end":{"line":200,"column":null}},"23":{"start":{"line":202,"column":0},"end":{"line":202,"column":null}},"24":{"start":{"line":208,"column":0},"end":{"line":220,"column":null}},"25":{"start":{"line":209,"column":0},"end":{"line":209,"column":null}},"26":{"start":{"line":210,"column":0},"end":{"line":210,"column":null}},"27":{"start":{"line":211,"column":0},"end":{"line":211,"column":null}},"28":{"start":{"line":214,"column":0},"end":{"line":219,"column":null}},"29":{"start":{"line":215,"column":0},"end":{"line":215,"column":null}},"30":{"start":{"line":216,"column":0},"end":{"line":216,"column":null}},"31":{"start":{"line":218,"column":0},"end":{"line":218,"column":null}},"32":{"start":{"line":226,"column":0},"end":{"line":238,"column":null}},"33":{"start":{"line":227,"column":0},"end":{"line":227,"column":null}},"34":{"start":{"line":228,"column":0},"end":{"line":228,"column":null}},"35":{"start":{"line":229,"column":0},"end":{"line":229,"column":null}},"36":{"start":{"line":232,"column":0},"end":{"line":237,"column":null}},"37":{"start":{"line":233,"column":0},"end":{"line":233,"column":null}},"38":{"start":{"line":234,"column":0},"end":{"line":234,"column":null}},"39":{"start":{"line":236,"column":0},"end":{"line":236,"column":null}},"40":{"start":{"line":244,"column":0},"end":{"line":248,"column":null}},"41":{"start":{"line":245,"column":0},"end":{"line":247,"column":null}},"42":{"start":{"line":246,"column":0},"end":{"line":246,"column":null}},"43":{"start":{"line":255,"column":0},"end":{"line":255,"column":null}},"44":{"start":{"line":256,"column":0},"end":{"line":256,"column":null}},"45":{"start":{"line":257,"column":0},"end":{"line":257,"column":null}},"46":{"start":{"line":258,"column":0},"end":{"line":258,"column":null}},"47":{"start":{"line":259,"column":0},"end":{"line":259,"column":null}},"48":{"start":{"line":266,"column":0},"end":{"line":266,"column":null}},"49":{"start":{"line":267,"column":0},"end":{"line":269,"column":null}},"50":{"start":{"line":268,"column":0},"end":{"line":268,"column":null}},"51":{"start":{"line":270,"column":0},"end":{"line":270,"column":null}},"52":{"start":{"line":271,"column":0},"end":{"line":271,"column":null}},"53":{"start":{"line":272,"column":0},"end":{"line":272,"column":null}},"54":{"start":{"line":273,"column":0},"end":{"line":273,"column":null}},"55":{"start":{"line":274,"column":0},"end":{"line":274,"column":null}},"56":{"start":{"line":282,"column":0},"end":{"line":282,"column":null}},"57":{"start":{"line":289,"column":0},"end":{"line":289,"column":null}},"58":{"start":{"line":296,"column":0},"end":{"line":296,"column":null}},"59":{"start":{"line":302,"column":0},"end":{"line":304,"column":null}},"60":{"start":{"line":303,"column":0},"end":{"line":303,"column":null}},"61":{"start":{"line":310,"column":0},"end":{"line":310,"column":null}},"62":{"start":{"line":313,"column":0},"end":{"line":313,"column":null}},"63":{"start":{"line":314,"column":0},"end":{"line":314,"column":null}},"64":{"start":{"line":315,"column":0},"end":{"line":319,"column":null}},"65":{"start":{"line":316,"column":0},"end":{"line":316,"column":null}},"66":{"start":{"line":318,"column":0},"end":{"line":318,"column":null}},"67":{"start":{"line":320,"column":0},"end":{"line":320,"column":null}},"68":{"start":{"line":323,"column":0},"end":{"line":323,"column":null}},"69":{"start":{"line":324,"column":0},"end":{"line":331,"column":null}},"70":{"start":{"line":325,"column":0},"end":{"line":325,"column":null}},"71":{"start":{"line":326,"column":0},"end":{"line":328,"column":null}},"72":{"start":{"line":327,"column":0},"end":{"line":327,"column":null}},"73":{"start":{"line":329,"column":0},"end":{"line":329,"column":null}},"74":{"start":{"line":330,"column":0},"end":{"line":330,"column":null}},"75":{"start":{"line":337,"column":0},"end":{"line":337,"column":null}},"76":{"start":{"line":340,"column":0},"end":{"line":340,"column":null}},"77":{"start":{"line":341,"column":0},"end":{"line":341,"column":null}},"78":{"start":{"line":345,"column":0},"end":{"line":345,"column":null}},"79":{"start":{"line":346,"column":0},"end":{"line":353,"column":null}},"80":{"start":{"line":347,"column":0},"end":{"line":347,"column":null}},"81":{"start":{"line":349,"column":0},"end":{"line":349,"column":null}},"82":{"start":{"line":356,"column":0},"end":{"line":356,"column":null}},"83":{"start":{"line":363,"column":0},"end":{"line":363,"column":null}},"84":{"start":{"line":366,"column":0},"end":{"line":366,"column":null}},"85":{"start":{"line":367,"column":0},"end":{"line":371,"column":null}},"86":{"start":{"line":368,"column":0},"end":{"line":368,"column":null}},"87":{"start":{"line":369,"column":0},"end":{"line":371,"column":null}},"88":{"start":{"line":370,"column":0},"end":{"line":370,"column":null}},"89":{"start":{"line":372,"column":0},"end":{"line":372,"column":null}},"90":{"start":{"line":376,"column":0},"end":{"line":376,"column":null}},"91":{"start":{"line":377,"column":0},"end":{"line":377,"column":null}},"92":{"start":{"line":378,"column":0},"end":{"line":378,"column":null}},"93":{"start":{"line":379,"column":0},"end":{"line":379,"column":null}}},"fnMap":{"0":{"name":"(anonymous_1)","decl":{"start":{"line":93,"column":0},"end":{"line":93,"column":null}},"loc":{"start":{"line":93,"column":0},"end":{"line":95,"column":null}}},"1":{"name":"(anonymous_2)","decl":{"start":{"line":99,"column":0},"end":{"line":99,"column":null}},"loc":{"start":{"line":99,"column":0},"end":{"line":101,"column":null}}},"2":{"name":"(anonymous_3)","decl":{"start":{"line":136,"column":0},"end":{"line":136,"column":null}},"loc":{"start":{"line":136,"column":0},"end":{"line":145,"column":null}}},"3":{"name":"(anonymous_4)","decl":{"start":{"line":149,"column":0},"end":{"line":149,"column":null}},"loc":{"start":{"line":149,"column":0},"end":{"line":164,"column":null}}},"4":{"name":"(anonymous_5)","decl":{"start":{"line":173,"column":0},"end":{"line":173,"column":null}},"loc":{"start":{"line":173,"column":0},"end":{"line":176,"column":null}}},"5":{"name":"(anonymous_6)","decl":{"start":{"line":183,"column":0},"end":{"line":183,"column":null}},"loc":{"start":{"line":183,"column":0},"end":{"line":188,"column":null}}},"6":{"name":"(anonymous_7)","decl":{"start":{"line":194,"column":0},"end":{"line":194,"column":null}},"loc":{"start":{"line":194,"column":0},"end":{"line":203,"column":null}}},"7":{"name":"(anonymous_8)","decl":{"start":{"line":207,"column":0},"end":{"line":207,"column":null}},"loc":{"start":{"line":207,"column":0},"end":{"line":221,"column":null}}},"8":{"name":"(anonymous_9)","decl":{"start":{"line":225,"column":0},"end":{"line":225,"column":null}},"loc":{"start":{"line":225,"column":0},"end":{"line":239,"column":null}}},"9":{"name":"(anonymous_10)","decl":{"start":{"line":243,"column":0},"end":{"line":243,"column":null}},"loc":{"start":{"line":243,"column":0},"end":{"line":249,"column":null}}},"10":{"name":"(anonymous_11)","decl":{"start":{"line":244,"column":0},"end":{"line":244,"column":null}},"loc":{"start":{"line":244,"column":0},"end":{"line":248,"column":null}}},"11":{"name":"(anonymous_12)","decl":{"start":{"line":254,"column":0},"end":{"line":254,"column":null}},"loc":{"start":{"line":254,"column":0},"end":{"line":260,"column":null}}},"12":{"name":"(anonymous_13)","decl":{"start":{"line":265,"column":0},"end":{"line":265,"column":null}},"loc":{"start":{"line":265,"column":0},"end":{"line":276,"column":null}}},"13":{"name":"(anonymous_14)","decl":{"start":{"line":281,"column":0},"end":{"line":281,"column":null}},"loc":{"start":{"line":281,"column":0},"end":{"line":283,"column":null}}},"14":{"name":"(anonymous_15)","decl":{"start":{"line":288,"column":0},"end":{"line":288,"column":null}},"loc":{"start":{"line":288,"column":0},"end":{"line":290,"column":null}}},"15":{"name":"(anonymous_16)","decl":{"start":{"line":295,"column":0},"end":{"line":295,"column":null}},"loc":{"start":{"line":295,"column":0},"end":{"line":297,"column":null}}},"16":{"name":"(anonymous_17)","decl":{"start":{"line":301,"column":0},"end":{"line":301,"column":null}},"loc":{"start":{"line":301,"column":0},"end":{"line":305,"column":null}}},"17":{"name":"(anonymous_18)","decl":{"start":{"line":309,"column":0},"end":{"line":309,"column":null}},"loc":{"start":{"line":309,"column":0},"end":{"line":311,"column":null}}},"18":{"name":"(anonymous_19)","decl":{"start":{"line":312,"column":0},"end":{"line":312,"column":null}},"loc":{"start":{"line":312,"column":0},"end":{"line":321,"column":null}}},"19":{"name":"(anonymous_20)","decl":{"start":{"line":322,"column":0},"end":{"line":322,"column":null}},"loc":{"start":{"line":322,"column":0},"end":{"line":332,"column":null}}},"20":{"name":"(anonymous_21)","decl":{"start":{"line":324,"column":0},"end":{"line":324,"column":null}},"loc":{"start":{"line":324,"column":0},"end":{"line":331,"column":null}}},"21":{"name":"(anonymous_22)","decl":{"start":{"line":336,"column":0},"end":{"line":336,"column":null}},"loc":{"start":{"line":336,"column":0},"end":{"line":338,"column":null}}},"22":{"name":"(anonymous_23)","decl":{"start":{"line":339,"column":0},"end":{"line":339,"column":null}},"loc":{"start":{"line":339,"column":0},"end":{"line":342,"column":null}}},"23":{"name":"(anonymous_24)","decl":{"start":{"line":344,"column":0},"end":{"line":344,"column":null}},"loc":{"start":{"line":344,"column":0},"end":{"line":354,"column":null}}},"24":{"name":"(anonymous_25)","decl":{"start":{"line":355,"column":0},"end":{"line":355,"column":null}},"loc":{"start":{"line":355,"column":0},"end":{"line":361,"column":null}}},"25":{"name":"(anonymous_26)","decl":{"start":{"line":362,"column":0},"end":{"line":362,"column":null}},"loc":{"start":{"line":362,"column":0},"end":{"line":364,"column":null}}},"26":{"name":"(anonymous_27)","decl":{"start":{"line":365,"column":0},"end":{"line":365,"column":null}},"loc":{"start":{"line":365,"column":0},"end":{"line":373,"column":null}}},"27":{"name":"(anonymous_28)","decl":{"start":{"line":375,"column":0},"end":{"line":375,"column":null}},"loc":{"start":{"line":375,"column":0},"end":{"line":380,"column":null}}}},"branchMap":{"0":{"loc":{"start":{"line":100,"column":0},"end":{"line":100,"column":null}},"type":"binary-expr","locations":[{"start":{"line":100,"column":0},"end":{"line":100,"column":null}},{"start":{"line":100,"column":0},"end":{"line":100,"column":null}}]},"1":{"loc":{"start":{"line":150,"column":0},"end":{"line":152,"column":null}},"type":"if","locations":[{"start":{"line":150,"column":0},"end":{"line":152,"column":null}},{"start":{"line":150,"column":0},"end":{"line":152,"column":null}}]},"2":{"loc":{"start":{"line":153,"column":0},"end":{"line":159,"column":null}},"type":"if","locations":[{"start":{"line":153,"column":0},"end":{"line":159,"column":null}},{"start":{"line":153,"column":0},"end":{"line":159,"column":null}}]},"3":{"loc":{"start":{"line":153,"column":0},"end":{"line":153,"column":null}},"type":"binary-expr","locations":[{"start":{"line":153,"column":0},"end":{"line":153,"column":null}},{"start":{"line":153,"column":0},"end":{"line":153,"column":null}}]},"4":{"loc":{"start":{"line":155,"column":0},"end":{"line":159,"column":null}},"type":"if","locations":[{"start":{"line":155,"column":0},"end":{"line":159,"column":null}},{"start":{"line":155,"column":0},"end":{"line":159,"column":null}}]},"5":{"loc":{"start":{"line":155,"column":0},"end":{"line":155,"column":null}},"type":"binary-expr","locations":[{"start":{"line":155,"column":0},"end":{"line":155,"column":null}},{"start":{"line":155,"column":0},"end":{"line":155,"column":null}}]},"6":{"loc":{"start":{"line":161,"column":0},"end":{"line":163,"column":null}},"type":"if","locations":[{"start":{"line":161,"column":0},"end":{"line":163,"column":null}},{"start":{"line":161,"column":0},"end":{"line":163,"column":null}}]},"7":{"loc":{"start":{"line":175,"column":0},"end":{"line":175,"column":null}},"type":"cond-expr","locations":[{"start":{"line":175,"column":0},"end":{"line":175,"column":null}},{"start":{"line":175,"column":0},"end":{"line":175,"column":null}}]},"8":{"loc":{"start":{"line":184,"column":0},"end":{"line":184,"column":null}},"type":"if","locations":[{"start":{"line":184,"column":0},"end":{"line":184,"column":null}},{"start":{"line":184,"column":0},"end":{"line":184,"column":null}}]},"9":{"loc":{"start":{"line":195,"column":0},"end":{"line":195,"column":null}},"type":"if","locations":[{"start":{"line":195,"column":0},"end":{"line":195,"column":null}},{"start":{"line":195,"column":0},"end":{"line":195,"column":null}}]},"10":{"loc":{"start":{"line":199,"column":0},"end":{"line":201,"column":null}},"type":"if","locations":[{"start":{"line":199,"column":0},"end":{"line":201,"column":null}},{"start":{"line":199,"column":0},"end":{"line":201,"column":null}}]},"11":{"loc":{"start":{"line":208,"column":0},"end":{"line":220,"column":null}},"type":"if","locations":[{"start":{"line":208,"column":0},"end":{"line":220,"column":null}},{"start":{"line":208,"column":0},"end":{"line":220,"column":null}}]},"12":{"loc":{"start":{"line":208,"column":0},"end":{"line":208,"column":null}},"type":"binary-expr","locations":[{"start":{"line":208,"column":0},"end":{"line":208,"column":null}},{"start":{"line":208,"column":0},"end":{"line":208,"column":null}}]},"13":{"loc":{"start":{"line":209,"column":0},"end":{"line":209,"column":null}},"type":"binary-expr","locations":[{"start":{"line":209,"column":0},"end":{"line":209,"column":null}},{"start":{"line":209,"column":0},"end":{"line":209,"column":null}}]},"14":{"loc":{"start":{"line":214,"column":0},"end":{"line":219,"column":null}},"type":"if","locations":[{"start":{"line":214,"column":0},"end":{"line":219,"column":null}},{"start":{"line":214,"column":0},"end":{"line":219,"column":null}}]},"15":{"loc":{"start":{"line":226,"column":0},"end":{"line":238,"column":null}},"type":"if","locations":[{"start":{"line":226,"column":0},"end":{"line":238,"column":null}},{"start":{"line":226,"column":0},"end":{"line":238,"column":null}}]},"16":{"loc":{"start":{"line":226,"column":0},"end":{"line":226,"column":null}},"type":"binary-expr","locations":[{"start":{"line":226,"column":0},"end":{"line":226,"column":null}},{"start":{"line":226,"column":0},"end":{"line":226,"column":null}}]},"17":{"loc":{"start":{"line":227,"column":0},"end":{"line":227,"column":null}},"type":"binary-expr","locations":[{"start":{"line":227,"column":0},"end":{"line":227,"column":null}},{"start":{"line":227,"column":0},"end":{"line":227,"column":null}}]},"18":{"loc":{"start":{"line":232,"column":0},"end":{"line":237,"column":null}},"type":"if","locations":[{"start":{"line":232,"column":0},"end":{"line":237,"column":null}},{"start":{"line":232,"column":0},"end":{"line":237,"column":null}}]},"19":{"loc":{"start":{"line":245,"column":0},"end":{"line":247,"column":null}},"type":"if","locations":[{"start":{"line":245,"column":0},"end":{"line":247,"column":null}},{"start":{"line":245,"column":0},"end":{"line":247,"column":null}}]},"20":{"loc":{"start":{"line":267,"column":0},"end":{"line":269,"column":null}},"type":"if","locations":[{"start":{"line":267,"column":0},"end":{"line":269,"column":null}},{"start":{"line":267,"column":0},"end":{"line":269,"column":null}}]},"21":{"loc":{"start":{"line":274,"column":0},"end":{"line":274,"column":null}},"type":"if","locations":[{"start":{"line":274,"column":0},"end":{"line":274,"column":null}},{"start":{"line":274,"column":0},"end":{"line":274,"column":null}}]},"22":{"loc":{"start":{"line":302,"column":0},"end":{"line":304,"column":null}},"type":"if","locations":[{"start":{"line":302,"column":0},"end":{"line":304,"column":null}},{"start":{"line":302,"column":0},"end":{"line":304,"column":null}}]},"23":{"loc":{"start":{"line":315,"column":0},"end":{"line":319,"column":null}},"type":"if","locations":[{"start":{"line":315,"column":0},"end":{"line":319,"column":null}},{"start":{"line":315,"column":0},"end":{"line":319,"column":null}}]},"24":{"loc":{"start":{"line":326,"column":0},"end":{"line":328,"column":null}},"type":"if","locations":[{"start":{"line":326,"column":0},"end":{"line":328,"column":null}},{"start":{"line":326,"column":0},"end":{"line":328,"column":null}}]},"25":{"loc":{"start":{"line":346,"column":0},"end":{"line":353,"column":null}},"type":"if","locations":[{"start":{"line":346,"column":0},"end":{"line":353,"column":null}},{"start":{"line":346,"column":0},"end":{"line":353,"column":null}}]},"26":{"loc":{"start":{"line":349,"column":0},"end":{"line":349,"column":null}},"type":"binary-expr","locations":[{"start":{"line":349,"column":0},"end":{"line":349,"column":null}},{"start":{"line":349,"column":0},"end":{"line":349,"column":null}}]},"27":{"loc":{"start":{"line":356,"column":0},"end":{"line":356,"column":null}},"type":"cond-expr","locations":[{"start":{"line":356,"column":0},"end":{"line":356,"column":null}},{"start":{"line":356,"column":0},"end":{"line":356,"column":null}}]},"28":{"loc":{"start":{"line":367,"column":0},"end":{"line":371,"column":null}},"type":"if","locations":[{"start":{"line":367,"column":0},"end":{"line":371,"column":null}},{"start":{"line":367,"column":0},"end":{"line":371,"column":null}}]},"29":{"loc":{"start":{"line":369,"column":0},"end":{"line":371,"column":null}},"type":"if","locations":[{"start":{"line":369,"column":0},"end":{"line":371,"column":null}},{"start":{"line":369,"column":0},"end":{"line":371,"column":null}}]},"30":{"loc":{"start":{"line":372,"column":0},"end":{"line":372,"column":null}},"type":"cond-expr","locations":[{"start":{"line":372,"column":0},"end":{"line":372,"column":null}},{"start":{"line":372,"column":0},"end":{"line":372,"column":null}}]}},"s":{"0":1,"1":31,"2":3,"3":31,"4":31,"5":3,"6":31,"7":2,"8":29,"9":2,"10":27,"11":31,"12":3,"13":1,"14":1,"15":3,"16":3,"17":19,"18":19,"19":19,"20":19,"21":19,"22":1,"23":19,"24":8,"25":6,"26":6,"27":6,"28":6,"29":5,"30":5,"31":1,"32":4,"33":4,"34":4,"35":4,"36":4,"37":3,"38":3,"39":1,"40":1,"41":1,"42":1,"43":9,"44":9,"45":9,"46":9,"47":9,"48":9,"49":9,"50":9,"51":9,"52":9,"53":9,"54":9,"55":15,"56":4,"57":5,"58":1,"59":1,"60":1,"61":1,"62":3,"63":3,"64":3,"65":1,"66":2,"67":3,"68":6,"69":6,"70":3,"71":3,"72":0,"73":3,"74":3,"75":39,"76":9,"77":9,"78":10,"79":10,"80":1,"81":9,"82":31,"83":31,"84":31,"85":31,"86":1,"87":30,"88":1,"89":31,"90":27,"91":27,"92":27,"93":27},"f":{"0":31,"1":3,"2":31,"3":31,"4":1,"5":3,"6":19,"7":8,"8":4,"9":1,"10":1,"11":9,"12":9,"13":4,"14":5,"15":1,"16":1,"17":1,"18":3,"19":6,"20":3,"21":39,"22":9,"23":10,"24":31,"25":31,"26":31,"27":27},"b":{"0":[3,3],"1":[3,28],"2":[2,29],"3":[31,31],"4":[2,27],"5":[29,29],"6":[3,28],"7":[0,1],"8":[0,3],"9":[0,19],"10":[1,18],"11":[6,2],"12":[8,7],"13":[6,0],"14":[5,1],"15":[4,0],"16":[4,4],"17":[4,0],"18":[3,1],"19":[1,0],"20":[9,0],"21":[6,3],"22":[1,0],"23":[1,2],"24":[0,3],"25":[1,9],"26":[9,0],"27":[30,32],"28":[1,30],"29":[1,29],"30":[1,30]}}
}
