TN:
SF:D:\GitHub\VueNumericInputNew\vue-numeric-input\src\vue-numeric-input.vue
FN:93,(anonymous_1)
FN:99,(anonymous_2)
FN:136,(anonymous_3)
FN:149,(anonymous_4)
FN:173,(anonymous_5)
FN:183,(anonymous_6)
FN:194,(anonymous_7)
FN:207,(anonymous_8)
FN:225,(anonymous_9)
FN:243,(anonymous_10)
FN:244,(anonymous_11)
FN:254,(anonymous_12)
FN:265,(anonymous_13)
FN:281,(anonymous_14)
FN:288,(anonymous_15)
FN:295,(anonymous_16)
FN:301,(anonymous_17)
FN:309,(anonymous_18)
FN:312,(anonymous_19)
FN:322,(anonymous_20)
FN:324,(anonymous_21)
FN:336,(anonymous_22)
FN:339,(anonymous_23)
FN:344,(anonymous_24)
FN:355,(anonymous_25)
FN:362,(anonymous_26)
FN:365,(anonymous_27)
FN:375,(anonymous_28)
FNF:28
FNH:28
FNDA:31,(anonymous_1)
FNDA:3,(anonymous_2)
FNDA:31,(anonymous_3)
FNDA:31,(anonymous_4)
FNDA:1,(anonymous_5)
FNDA:3,(anonymous_6)
FNDA:19,(anonymous_7)
FNDA:8,(anonymous_8)
FNDA:4,(anonymous_9)
FNDA:1,(anonymous_10)
FNDA:1,(anonymous_11)
FNDA:9,(anonymous_12)
FNDA:9,(anonymous_13)
FNDA:4,(anonymous_14)
FNDA:5,(anonymous_15)
FNDA:1,(anonymous_16)
FNDA:1,(anonymous_17)
FNDA:1,(anonymous_18)
FNDA:3,(anonymous_19)
FNDA:6,(anonymous_20)
FNDA:3,(anonymous_21)
FNDA:39,(anonymous_22)
FNDA:9,(anonymous_23)
FNDA:10,(anonymous_24)
FNDA:31,(anonymous_25)
FNDA:31,(anonymous_26)
FNDA:31,(anonymous_27)
FNDA:27,(anonymous_28)
DA:64,1
DA:94,31
DA:100,3
DA:137,31
DA:150,31
DA:151,3
DA:153,31
DA:154,2
DA:155,29
DA:156,2
DA:158,27
DA:161,31
DA:162,3
DA:174,1
DA:175,1
DA:184,3
DA:185,3
DA:195,19
DA:196,19
DA:197,19
DA:198,19
DA:199,19
DA:200,1
DA:202,19
DA:208,8
DA:209,6
DA:210,6
DA:211,6
DA:214,6
DA:215,5
DA:216,5
DA:218,1
DA:226,4
DA:227,4
DA:228,4
DA:229,4
DA:232,4
DA:233,3
DA:234,3
DA:236,1
DA:244,1
DA:245,1
DA:246,1
DA:255,9
DA:256,9
DA:257,9
DA:258,9
DA:259,9
DA:266,9
DA:267,9
DA:268,9
DA:270,9
DA:271,9
DA:272,9
DA:273,9
DA:274,15
DA:282,4
DA:289,5
DA:296,1
DA:302,1
DA:303,1
DA:310,1
DA:313,3
DA:314,3
DA:315,3
DA:316,1
DA:318,2
DA:320,3
DA:323,6
DA:324,6
DA:325,3
DA:326,3
DA:327,0
DA:329,3
DA:330,3
DA:337,39
DA:340,9
DA:341,9
DA:345,10
DA:346,10
DA:347,1
DA:349,9
DA:356,31
DA:363,31
DA:366,31
DA:367,31
DA:368,1
DA:369,30
DA:370,1
DA:372,31
DA:376,27
DA:377,27
DA:378,27
DA:379,27
LF:94
LH:93
BRDA:100,0,0,3
BRDA:100,0,1,3
BRDA:150,1,0,3
BRDA:150,1,1,28
BRDA:153,2,0,2
BRDA:153,2,1,29
BRDA:153,3,0,31
BRDA:153,3,1,31
BRDA:155,4,0,2
BRDA:155,4,1,27
BRDA:155,5,0,29
BRDA:155,5,1,29
BRDA:161,6,0,3
BRDA:161,6,1,28
BRDA:175,7,0,0
BRDA:175,7,1,1
BRDA:184,8,0,0
BRDA:184,8,1,3
BRDA:195,9,0,0
BRDA:195,9,1,19
BRDA:199,10,0,1
BRDA:199,10,1,18
BRDA:208,11,0,6
BRDA:208,11,1,2
BRDA:208,12,0,8
BRDA:208,12,1,7
BRDA:209,13,0,6
BRDA:209,13,1,0
BRDA:214,14,0,5
BRDA:214,14,1,1
BRDA:226,15,0,4
BRDA:226,15,1,0
BRDA:226,16,0,4
BRDA:226,16,1,4
BRDA:227,17,0,4
BRDA:227,17,1,0
BRDA:232,18,0,3
BRDA:232,18,1,1
BRDA:245,19,0,1
BRDA:245,19,1,0
BRDA:267,20,0,9
BRDA:267,20,1,0
BRDA:274,21,0,6
BRDA:274,21,1,3
BRDA:302,22,0,1
BRDA:302,22,1,0
BRDA:315,23,0,1
BRDA:315,23,1,2
BRDA:326,24,0,0
BRDA:326,24,1,3
BRDA:346,25,0,1
BRDA:346,25,1,9
BRDA:349,26,0,9
BRDA:349,26,1,0
BRDA:356,27,0,30
BRDA:356,27,1,32
BRDA:367,28,0,1
BRDA:367,28,1,30
BRDA:369,29,0,1
BRDA:369,29,1,29
BRDA:372,30,0,1
BRDA:372,30,1,30
BRF:62
BRH:51
end_of_record
